<?xml version="1.0" encoding="UTF-8"?>
<robot generator="Robot 5.0.1 (Python 3.9.13 on win32)" generated="20230306 22:39:49.069" rpa="false" schemaversion="3">
<suite id="s1" name="TestCase1" source="d:\FILE AUTOTESTROBOT\AUTOTESTROBOT_HOC\TestCase\TestCase1.Robot">
<test id="s1-t1" name="TEST" line="44">
<kw name="Log My Specific Username And Password">
<arg>${DICTIONNARY}[username]</arg>
<arg>${DICTIONNARY}[password]</arg>
<kw name="Log" library="BuiltIn">
<arg>${USERNAME2}</arg>
<doc>Logs the given message with the given level.</doc>
<msg timestamp="20230306 22:39:49.266" level="INFO">testuser</msg>
<status status="PASS" starttime="20230306 22:39:49.262" endtime="20230306 22:39:49.272"/>
</kw>
<kw name="Log" library="BuiltIn">
<arg>${PASSWORD}</arg>
<doc>Logs the given message with the given level.</doc>
<msg timestamp="20230306 22:39:49.274" level="INFO">demo</msg>
<status status="PASS" starttime="20230306 22:39:49.272" endtime="20230306 22:39:49.274"/>
</kw>
<status status="PASS" starttime="20230306 22:39:49.260" endtime="20230306 22:39:49.274"/>
</kw>
<kw name="Log My Specific Username And Password">
<arg>${DICTIONNARY2}[username]</arg>
<arg>${DICTIONNARY2}[password]</arg>
<kw name="Log" library="BuiltIn">
<arg>${USERNAME2}</arg>
<doc>Logs the given message with the given level.</doc>
<msg timestamp="20230306 22:39:49.278" level="INFO">testuser2</msg>
<status status="PASS" starttime="20230306 22:39:49.277" endtime="20230306 22:39:49.278"/>
</kw>
<kw name="Log" library="BuiltIn">
<arg>${PASSWORD}</arg>
<doc>Logs the given message with the given level.</doc>
<msg timestamp="20230306 22:39:49.284" level="INFO">demo2</msg>
<status status="PASS" starttime="20230306 22:39:49.279" endtime="20230306 22:39:49.285"/>
</kw>
<status status="PASS" starttime="20230306 22:39:49.275" endtime="20230306 22:39:49.286"/>
</kw>
<tag>demo</tag>
<tag>demo2</tag>
<status status="PASS" starttime="20230306 22:39:49.257" endtime="20230306 22:39:49.287"/>
</test>
<doc>This is my first test case</doc>
<status status="PASS" starttime="20230306 22:39:49.099" endtime="20230306 22:39:49.295"/>
</suite>
<statistics>
<total>
<stat pass="1" fail="0" skip="0">All Tests</stat>
</total>
<tag>
<stat pass="1" fail="0" skip="0">demo</stat>
<stat pass="1" fail="0" skip="0">demo2</stat>
</tag>
<suite>
<stat pass="1" fail="0" skip="0" id="s1" name="TestCase1">TestCase1</stat>
</suite>
</statistics>
<errors>
</errors>
</robot>
